{"/Users/jessicachen/Documents/HackReactor/Week 6-8 - FEC/Atelier/client/src/components/Q-A/Answer.jsx": {"path":"/Users/jessicachen/Documents/HackReactor/Week 6-8 - FEC/Atelier/client/src/components/Q-A/Answer.jsx","statementMap":{"0":{"start":{"line":5,"column":34},"end":{"line":5,"column":49}},"1":{"start":{"line":8,"column":19},"end":{"line":8,"column":40}},"2":{"start":{"line":9,"column":17},"end":{"line":10,"column":61}},"3":{"start":{"line":11,"column":14},"end":{"line":11,"column":45}},"4":{"start":{"line":12,"column":12},"end":{"line":12,"column":32}},"5":{"start":{"line":13,"column":13},"end":{"line":13,"column":37}},"6":{"start":{"line":15,"column":22},"end":{"line":33,"column":3}},"7":{"start":{"line":17,"column":4},"end":{"line":17,"column":45}},"8":{"start":{"line":19,"column":19},"end":{"line":19,"column":42}},"9":{"start":{"line":20,"column":21},"end":{"line":20,"column":36}},"10":{"start":{"line":21,"column":4},"end":{"line":21,"column":39}},"11":{"start":{"line":22,"column":4},"end":{"line":22,"column":27}},"12":{"start":{"line":24,"column":4},"end":{"line":32,"column":9}},"13":{"start":{"line":26,"column":8},"end":{"line":26,"column":45}},"14":{"start":{"line":30,"column":8},"end":{"line":30,"column":28}},"15":{"start":{"line":31,"column":8},"end":{"line":31,"column":36}},"16":{"start":{"line":35,"column":23},"end":{"line":53,"column":3}},"17":{"start":{"line":36,"column":20},"end":{"line":36,"column":79}},"18":{"start":{"line":37,"column":4},"end":{"line":52,"column":5}},"19":{"start":{"line":39,"column":6},"end":{"line":39,"column":48}},"20":{"start":{"line":40,"column":6},"end":{"line":40,"column":24}},"21":{"start":{"line":41,"column":6},"end":{"line":49,"column":11}},"22":{"start":{"line":43,"column":10},"end":{"line":43,"column":42}},"23":{"start":{"line":47,"column":10},"end":{"line":47,"column":29}},"24":{"start":{"line":48,"column":10},"end":{"line":48,"column":38}},"25":{"start":{"line":51,"column":6},"end":{"line":51,"column":34}},"26":{"start":{"line":56,"column":2},"end":{"line":93,"column":4}},"27":{"start":{"line":67,"column":31},"end":{"line":67,"column":44}},"28":{"start":{"line":83,"column":27},"end":{"line":83,"column":41}}},"fnMap":{"0":{"name":"Answer","decl":{"start":{"line":4,"column":24},"end":{"line":4,"column":30}},"loc":{"start":{"line":4,"column":103},"end":{"line":94,"column":1}},"line":4},"1":{"name":"(anonymous_1)","decl":{"start":{"line":15,"column":22},"end":{"line":15,"column":23}},"loc":{"start":{"line":15,"column":33},"end":{"line":33,"column":3}},"line":15},"2":{"name":"(anonymous_2)","decl":{"start":{"line":25,"column":12},"end":{"line":25,"column":13}},"loc":{"start":{"line":25,"column":21},"end":{"line":27,"column":7}},"line":25},"3":{"name":"(anonymous_3)","decl":{"start":{"line":28,"column":13},"end":{"line":28,"column":14}},"loc":{"start":{"line":28,"column":22},"end":{"line":32,"column":7}},"line":28},"4":{"name":"(anonymous_4)","decl":{"start":{"line":35,"column":23},"end":{"line":35,"column":24}},"loc":{"start":{"line":35,"column":34},"end":{"line":53,"column":3}},"line":35},"5":{"name":"(anonymous_5)","decl":{"start":{"line":42,"column":14},"end":{"line":42,"column":15}},"loc":{"start":{"line":42,"column":20},"end":{"line":44,"column":9}},"line":42},"6":{"name":"(anonymous_6)","decl":{"start":{"line":45,"column":15},"end":{"line":45,"column":16}},"loc":{"start":{"line":45,"column":24},"end":{"line":49,"column":9}},"line":45},"7":{"name":"(anonymous_7)","decl":{"start":{"line":67,"column":25},"end":{"line":67,"column":26}},"loc":{"start":{"line":67,"column":31},"end":{"line":67,"column":44}},"line":67},"8":{"name":"(anonymous_8)","decl":{"start":{"line":83,"column":21},"end":{"line":83,"column":22}},"loc":{"start":{"line":83,"column":27},"end":{"line":83,"column":41}},"line":83}},"branchMap":{"0":{"loc":{"start":{"line":37,"column":4},"end":{"line":52,"column":5}},"type":"if","locations":[{"start":{"line":37,"column":4},"end":{"line":52,"column":5}},{"start":{"line":50,"column":11},"end":{"line":52,"column":5}}],"line":37},"1":{"loc":{"start":{"line":60,"column":9},"end":{"line":60,"column":75}},"type":"binary-expr","locations":[{"start":{"line":60,"column":9},"end":{"line":60,"column":58}},{"start":{"line":60,"column":62},"end":{"line":60,"column":75}}],"line":60},"2":{"loc":{"start":{"line":61,"column":9},"end":{"line":61,"column":82}},"type":"binary-expr","locations":[{"start":{"line":61,"column":9},"end":{"line":61,"column":58}},{"start":{"line":61,"column":62},"end":{"line":61,"column":82}}],"line":61},"3":{"loc":{"start":{"line":65,"column":9},"end":{"line":69,"column":17}},"type":"binary-expr","locations":[{"start":{"line":65,"column":10},"end":{"line":65,"column":57}},{"start":{"line":66,"column":10},"end":{"line":66,"column":67}},{"start":{"line":67,"column":10},"end":{"line":69,"column":17}}],"line":65},"4":{"loc":{"start":{"line":72,"column":9},"end":{"line":76,"column":17}},"type":"binary-expr","locations":[{"start":{"line":72,"column":10},"end":{"line":72,"column":57}},{"start":{"line":73,"column":11},"end":{"line":73,"column":65}},{"start":{"line":74,"column":10},"end":{"line":76,"column":17}}],"line":72},"5":{"loc":{"start":{"line":80,"column":9},"end":{"line":85,"column":17}},"type":"binary-expr","locations":[{"start":{"line":80,"column":10},"end":{"line":80,"column":57}},{"start":{"line":81,"column":10},"end":{"line":81,"column":67}},{"start":{"line":82,"column":10},"end":{"line":85,"column":17}}],"line":80},"6":{"loc":{"start":{"line":88,"column":9},"end":{"line":89,"column":38}},"type":"binary-expr","locations":[{"start":{"line":88,"column":10},"end":{"line":88,"column":18}},{"start":{"line":89,"column":10},"end":{"line":89,"column":38}}],"line":88}},"s":{"0":0,"1":0,"2":0,"3":0,"4":0,"5":0,"6":0,"7":0,"8":0,"9":0,"10":0,"11":0,"12":0,"13":0,"14":0,"15":0,"16":0,"17":0,"18":0,"19":0,"20":0,"21":0,"22":0,"23":0,"24":0,"25":0,"26":0,"27":0,"28":0},"f":{"0":0,"1":0,"2":0,"3":0,"4":0,"5":0,"6":0,"7":0,"8":0},"b":{"0":[0,0],"1":[0,0],"2":[0,0],"3":[0,0,0],"4":[0,0,0],"5":[0,0,0],"6":[0,0]},"_coverageSchema":"1a1c01bbd47fc00a2c39e90264f33305004495a9","hash":"15763919b01f96f8981b9e40ec6d04c6875e3f88"}
,"/Users/jessicachen/Documents/HackReactor/Week 6-8 - FEC/Atelier/client/src/components/Q-A/AnswerForm.jsx": {"path":"/Users/jessicachen/Documents/HackReactor/Week 6-8 - FEC/Atelier/client/src/components/Q-A/AnswerForm.jsx","statementMap":{"0":{"start":{"line":9,"column":38},"end":{"line":9,"column":50}},"1":{"start":{"line":10,"column":34},"end":{"line":10,"column":46}},"2":{"start":{"line":11,"column":28},"end":{"line":11,"column":40}},"3":{"start":{"line":12,"column":30},"end":{"line":12,"column":42}},"4":{"start":{"line":14,"column":23},"end":{"line":43,"column":3}},"5":{"start":{"line":15,"column":4},"end":{"line":15,"column":23}},"6":{"start":{"line":18,"column":17},"end":{"line":25,"column":5}},"7":{"start":{"line":26,"column":4},"end":{"line":42,"column":9}},"8":{"start":{"line":28,"column":8},"end":{"line":28,"column":40}},"9":{"start":{"line":29,"column":8},"end":{"line":29,"column":26}},"10":{"start":{"line":32,"column":8},"end":{"line":38,"column":13}},"11":{"start":{"line":34,"column":12},"end":{"line":34,"column":33}},"12":{"start":{"line":37,"column":12},"end":{"line":37,"column":56}},"13":{"start":{"line":41,"column":8},"end":{"line":41,"column":54}},"14":{"start":{"line":45,"column":2},"end":{"line":109,"column":16}},"15":{"start":{"line":51,"column":31},"end":{"line":51,"column":46}},"16":{"start":{"line":61,"column":31},"end":{"line":61,"column":60}},"17":{"start":{"line":75,"column":31},"end":{"line":75,"column":58}},"18":{"start":{"line":90,"column":31},"end":{"line":90,"column":55}},"19":{"start":{"line":105,"column":33},"end":{"line":105,"column":50}}},"fnMap":{"0":{"name":"AnswerForm","decl":{"start":{"line":7,"column":24},"end":{"line":7,"column":34}},"loc":{"start":{"line":7,"column":112},"end":{"line":110,"column":1}},"line":7},"1":{"name":"(anonymous_1)","decl":{"start":{"line":14,"column":23},"end":{"line":14,"column":24}},"loc":{"start":{"line":14,"column":35},"end":{"line":43,"column":3}},"line":14},"2":{"name":"(anonymous_2)","decl":{"start":{"line":27,"column":12},"end":{"line":27,"column":13}},"loc":{"start":{"line":27,"column":18},"end":{"line":30,"column":7}},"line":27},"3":{"name":"(anonymous_3)","decl":{"start":{"line":31,"column":12},"end":{"line":31,"column":13}},"loc":{"start":{"line":31,"column":18},"end":{"line":39,"column":7}},"line":31},"4":{"name":"(anonymous_4)","decl":{"start":{"line":33,"column":16},"end":{"line":33,"column":17}},"loc":{"start":{"line":33,"column":25},"end":{"line":35,"column":11}},"line":33},"5":{"name":"(anonymous_5)","decl":{"start":{"line":36,"column":17},"end":{"line":36,"column":18}},"loc":{"start":{"line":36,"column":26},"end":{"line":38,"column":11}},"line":36},"6":{"name":"(anonymous_6)","decl":{"start":{"line":40,"column":13},"end":{"line":40,"column":14}},"loc":{"start":{"line":40,"column":22},"end":{"line":42,"column":7}},"line":40},"7":{"name":"(anonymous_7)","decl":{"start":{"line":51,"column":24},"end":{"line":51,"column":25}},"loc":{"start":{"line":51,"column":31},"end":{"line":51,"column":46}},"line":51},"8":{"name":"(anonymous_8)","decl":{"start":{"line":61,"column":24},"end":{"line":61,"column":25}},"loc":{"start":{"line":61,"column":31},"end":{"line":61,"column":60}},"line":61},"9":{"name":"(anonymous_9)","decl":{"start":{"line":75,"column":24},"end":{"line":75,"column":25}},"loc":{"start":{"line":75,"column":31},"end":{"line":75,"column":58}},"line":75},"10":{"name":"(anonymous_10)","decl":{"start":{"line":90,"column":24},"end":{"line":90,"column":25}},"loc":{"start":{"line":90,"column":31},"end":{"line":90,"column":55}},"line":90},"11":{"name":"(anonymous_11)","decl":{"start":{"line":105,"column":27},"end":{"line":105,"column":28}},"loc":{"start":{"line":105,"column":33},"end":{"line":105,"column":50}},"line":105}},"branchMap":{"0":{"loc":{"start":{"line":45,"column":9},"end":{"line":109,"column":15}},"type":"cond-expr","locations":[{"start":{"line":46,"column":4},"end":{"line":108,"column":10}},{"start":{"line":109,"column":6},"end":{"line":109,"column":15}}],"line":45}},"s":{"0":0,"1":0,"2":0,"3":0,"4":0,"5":0,"6":0,"7":0,"8":0,"9":0,"10":0,"11":0,"12":0,"13":0,"14":0,"15":0,"16":0,"17":0,"18":0,"19":0},"f":{"0":0,"1":0,"2":0,"3":0,"4":0,"5":0,"6":0,"7":0,"8":0,"9":0,"10":0,"11":0},"b":{"0":[0,0]},"_coverageSchema":"1a1c01bbd47fc00a2c39e90264f33305004495a9","hash":"f1d09cbd0c3c185f721c8dc0cefd5d13fe7e42b1"}
,"/Users/jessicachen/Documents/HackReactor/Week 6-8 - FEC/Atelier/client/src/components/Q-A/QA.jsx": {"path":"/Users/jessicachen/Documents/HackReactor/Week 6-8 - FEC/Atelier/client/src/components/Q-A/QA.jsx","statementMap":{"0":{"start":{"line":8,"column":38},"end":{"line":8,"column":50}},"1":{"start":{"line":9,"column":40},"end":{"line":9,"column":52}},"2":{"start":{"line":10,"column":21},"end":{"line":10,"column":30}},"3":{"start":{"line":12,"column":23},"end":{"line":14,"column":3}},"4":{"start":{"line":13,"column":4},"end":{"line":13,"column":30}},"5":{"start":{"line":16,"column":2},"end":{"line":25,"column":5}},"6":{"start":{"line":18,"column":4},"end":{"line":24,"column":9}},"7":{"start":{"line":20,"column":8},"end":{"line":20,"column":38}},"8":{"start":{"line":23,"column":8},"end":{"line":23,"column":36}},"9":{"start":{"line":27,"column":2},"end":{"line":39,"column":4}}},"fnMap":{"0":{"name":"QA","decl":{"start":{"line":7,"column":24},"end":{"line":7,"column":26}},"loc":{"start":{"line":7,"column":69},"end":{"line":40,"column":1}},"line":7},"1":{"name":"(anonymous_1)","decl":{"start":{"line":12,"column":23},"end":{"line":12,"column":24}},"loc":{"start":{"line":12,"column":44},"end":{"line":14,"column":3}},"line":12},"2":{"name":"(anonymous_2)","decl":{"start":{"line":16,"column":12},"end":{"line":16,"column":13}},"loc":{"start":{"line":16,"column":18},"end":{"line":25,"column":3}},"line":16},"3":{"name":"(anonymous_3)","decl":{"start":{"line":19,"column":12},"end":{"line":19,"column":13}},"loc":{"start":{"line":19,"column":21},"end":{"line":21,"column":7}},"line":19},"4":{"name":"(anonymous_4)","decl":{"start":{"line":22,"column":13},"end":{"line":22,"column":14}},"loc":{"start":{"line":22,"column":22},"end":{"line":24,"column":7}},"line":22}},"branchMap":{},"s":{"0":2,"1":2,"2":2,"3":2,"4":2,"5":2,"6":2,"7":0,"8":0,"9":2},"f":{"0":2,"1":2,"2":2,"3":0,"4":0},"b":{},"_coverageSchema":"1a1c01bbd47fc00a2c39e90264f33305004495a9","hash":"c85d8455d2254b5b63ad28e23c9a2f77e4eec2d5"}
,"/Users/jessicachen/Documents/HackReactor/Week 6-8 - FEC/Atelier/client/src/components/Q-A/Question.jsx": {"path":"/Users/jessicachen/Documents/HackReactor/Week 6-8 - FEC/Atelier/client/src/components/Q-A/Question.jsx","statementMap":{"0":{"start":{"line":7,"column":40},"end":{"line":7,"column":51}},"1":{"start":{"line":8,"column":32},"end":{"line":8,"column":44}},"2":{"start":{"line":9,"column":32},"end":{"line":9,"column":46}},"3":{"start":{"line":10,"column":36},"end":{"line":10,"column":51}},"4":{"start":{"line":12,"column":2},"end":{"line":34,"column":20}},"5":{"start":{"line":13,"column":17},"end":{"line":15,"column":7}},"6":{"start":{"line":16,"column":4},"end":{"line":32,"column":9}},"7":{"start":{"line":19,"column":8},"end":{"line":28,"column":9}},"8":{"start":{"line":20,"column":10},"end":{"line":20,"column":27}},"9":{"start":{"line":21,"column":10},"end":{"line":24,"column":11}},"10":{"start":{"line":23,"column":12},"end":{"line":23,"column":63}},"11":{"start":{"line":26,"column":10},"end":{"line":26,"column":28}},"12":{"start":{"line":27,"column":10},"end":{"line":27,"column":31}},"13":{"start":{"line":31,"column":8},"end":{"line":31,"column":36}},"14":{"start":{"line":36,"column":22},"end":{"line":54,"column":3}},"15":{"start":{"line":38,"column":4},"end":{"line":38,"column":49}},"16":{"start":{"line":40,"column":19},"end":{"line":40,"column":46}},"17":{"start":{"line":41,"column":23},"end":{"line":41,"column":40}},"18":{"start":{"line":42,"column":4},"end":{"line":42,"column":50}},"19":{"start":{"line":43,"column":4},"end":{"line":43,"column":31}},"20":{"start":{"line":45,"column":4},"end":{"line":53,"column":9}},"21":{"start":{"line":47,"column":8},"end":{"line":47,"column":45}},"22":{"start":{"line":51,"column":8},"end":{"line":51,"column":32}},"23":{"start":{"line":52,"column":8},"end":{"line":52,"column":36}},"24":{"start":{"line":56,"column":25},"end":{"line":79,"column":3}},"25":{"start":{"line":57,"column":20},"end":{"line":57,"column":81}},"26":{"start":{"line":58,"column":4},"end":{"line":78,"column":5}},"27":{"start":{"line":60,"column":6},"end":{"line":60,"column":52}},"28":{"start":{"line":62,"column":21},"end":{"line":62,"column":48}},"29":{"start":{"line":63,"column":25},"end":{"line":63,"column":42}},"30":{"start":{"line":64,"column":6},"end":{"line":64,"column":45}},"31":{"start":{"line":65,"column":6},"end":{"line":65,"column":33}},"32":{"start":{"line":67,"column":6},"end":{"line":75,"column":11}},"33":{"start":{"line":69,"column":10},"end":{"line":69,"column":44}},"34":{"start":{"line":73,"column":10},"end":{"line":73,"column":34}},"35":{"start":{"line":74,"column":10},"end":{"line":74,"column":38}},"36":{"start":{"line":77,"column":6},"end":{"line":77,"column":34}},"37":{"start":{"line":81,"column":2},"end":{"line":156,"column":4}},"38":{"start":{"line":89,"column":31},"end":{"line":89,"column":44}},"39":{"start":{"line":104,"column":27},"end":{"line":104,"column":43}},"40":{"start":{"line":113,"column":29},"end":{"line":113,"column":47}},"41":{"start":{"line":122,"column":14},"end":{"line":129,"column":16}},"42":{"start":{"line":133,"column":14},"end":{"line":133,"column":34}},"43":{"start":{"line":134,"column":14},"end":{"line":134,"column":32}},"44":{"start":{"line":139,"column":14},"end":{"line":139,"column":32}},"45":{"start":{"line":140,"column":14},"end":{"line":140,"column":31}},"46":{"start":{"line":141,"column":14},"end":{"line":141,"column":46}}},"fnMap":{"0":{"name":"Question","decl":{"start":{"line":6,"column":24},"end":{"line":6,"column":32}},"loc":{"start":{"line":6,"column":134},"end":{"line":157,"column":1}},"line":6},"1":{"name":"(anonymous_1)","decl":{"start":{"line":12,"column":12},"end":{"line":12,"column":13}},"loc":{"start":{"line":12,"column":18},"end":{"line":34,"column":3}},"line":12},"2":{"name":"(anonymous_2)","decl":{"start":{"line":17,"column":12},"end":{"line":17,"column":13}},"loc":{"start":{"line":17,"column":21},"end":{"line":29,"column":7}},"line":17},"3":{"name":"(anonymous_3)","decl":{"start":{"line":30,"column":13},"end":{"line":30,"column":14}},"loc":{"start":{"line":30,"column":22},"end":{"line":32,"column":7}},"line":30},"4":{"name":"(anonymous_4)","decl":{"start":{"line":36,"column":22},"end":{"line":36,"column":23}},"loc":{"start":{"line":36,"column":33},"end":{"line":54,"column":3}},"line":36},"5":{"name":"(anonymous_5)","decl":{"start":{"line":46,"column":12},"end":{"line":46,"column":13}},"loc":{"start":{"line":46,"column":18},"end":{"line":48,"column":7}},"line":46},"6":{"name":"(anonymous_6)","decl":{"start":{"line":49,"column":13},"end":{"line":49,"column":14}},"loc":{"start":{"line":49,"column":22},"end":{"line":53,"column":7}},"line":49},"7":{"name":"(anonymous_7)","decl":{"start":{"line":56,"column":25},"end":{"line":56,"column":26}},"loc":{"start":{"line":56,"column":36},"end":{"line":79,"column":3}},"line":56},"8":{"name":"(anonymous_8)","decl":{"start":{"line":68,"column":14},"end":{"line":68,"column":15}},"loc":{"start":{"line":68,"column":20},"end":{"line":70,"column":9}},"line":68},"9":{"name":"(anonymous_9)","decl":{"start":{"line":71,"column":15},"end":{"line":71,"column":16}},"loc":{"start":{"line":71,"column":24},"end":{"line":75,"column":9}},"line":71},"10":{"name":"(anonymous_10)","decl":{"start":{"line":89,"column":25},"end":{"line":89,"column":26}},"loc":{"start":{"line":89,"column":31},"end":{"line":89,"column":44}},"line":89},"11":{"name":"(anonymous_11)","decl":{"start":{"line":104,"column":21},"end":{"line":104,"column":22}},"loc":{"start":{"line":104,"column":27},"end":{"line":104,"column":43}},"line":104},"12":{"name":"(anonymous_12)","decl":{"start":{"line":113,"column":23},"end":{"line":113,"column":24}},"loc":{"start":{"line":113,"column":29},"end":{"line":113,"column":47}},"line":113},"13":{"name":"(anonymous_13)","decl":{"start":{"line":121,"column":25},"end":{"line":121,"column":26}},"loc":{"start":{"line":122,"column":14},"end":{"line":129,"column":16}},"line":122},"14":{"name":"(anonymous_14)","decl":{"start":{"line":132,"column":24},"end":{"line":132,"column":25}},"loc":{"start":{"line":132,"column":30},"end":{"line":135,"column":13}},"line":132},"15":{"name":"(anonymous_15)","decl":{"start":{"line":138,"column":24},"end":{"line":138,"column":25}},"loc":{"start":{"line":138,"column":30},"end":{"line":142,"column":13}},"line":138}},"branchMap":{"0":{"loc":{"start":{"line":19,"column":8},"end":{"line":28,"column":9}},"type":"if","locations":[{"start":{"line":19,"column":8},"end":{"line":28,"column":9}},{"start":{"line":25,"column":15},"end":{"line":28,"column":9}}],"line":19},"1":{"loc":{"start":{"line":21,"column":10},"end":{"line":24,"column":11}},"type":"if","locations":[{"start":{"line":21,"column":10},"end":{"line":24,"column":11}},{"start":{},"end":{}}],"line":21},"2":{"loc":{"start":{"line":58,"column":4},"end":{"line":78,"column":5}},"type":"if","locations":[{"start":{"line":58,"column":4},"end":{"line":78,"column":5}},{"start":{"line":76,"column":11},"end":{"line":78,"column":5}}],"line":58},"3":{"loc":{"start":{"line":87,"column":9},"end":{"line":91,"column":17}},"type":"binary-expr","locations":[{"start":{"line":87,"column":10},"end":{"line":87,"column":57}},{"start":{"line":88,"column":10},"end":{"line":88,"column":71}},{"start":{"line":89,"column":10},"end":{"line":91,"column":17}}],"line":87},"4":{"loc":{"start":{"line":94,"column":9},"end":{"line":98,"column":17}},"type":"binary-expr","locations":[{"start":{"line":94,"column":10},"end":{"line":94,"column":57}},{"start":{"line":95,"column":11},"end":{"line":95,"column":69}},{"start":{"line":96,"column":10},"end":{"line":98,"column":17}}],"line":94},"5":{"loc":{"start":{"line":102,"column":9},"end":{"line":106,"column":17}},"type":"binary-expr","locations":[{"start":{"line":102,"column":9},"end":{"line":102,"column":29}},{"start":{"line":103,"column":10},"end":{"line":106,"column":17}}],"line":102},"6":{"loc":{"start":{"line":109,"column":9},"end":{"line":110,"column":38}},"type":"binary-expr","locations":[{"start":{"line":109,"column":10},"end":{"line":109,"column":27}},{"start":{"line":110,"column":10},"end":{"line":110,"column":38}}],"line":109},"7":{"loc":{"start":{"line":117,"column":7},"end":{"line":145,"column":14}},"type":"binary-expr","locations":[{"start":{"line":117,"column":7},"end":{"line":117,"column":25}},{"start":{"line":118,"column":8},"end":{"line":145,"column":14}}],"line":117},"8":{"loc":{"start":{"line":131,"column":13},"end":{"line":135,"column":36}},"type":"binary-expr","locations":[{"start":{"line":131,"column":13},"end":{"line":131,"column":20}},{"start":{"line":132,"column":12},"end":{"line":135,"column":36}}],"line":131},"9":{"loc":{"start":{"line":137,"column":13},"end":{"line":142,"column":35}},"type":"binary-expr","locations":[{"start":{"line":137,"column":14},"end":{"line":137,"column":22}},{"start":{"line":137,"column":26},"end":{"line":137,"column":41}},{"start":{"line":138,"column":12},"end":{"line":142,"column":35}}],"line":137}},"s":{"0":0,"1":0,"2":0,"3":0,"4":0,"5":0,"6":0,"7":0,"8":0,"9":0,"10":0,"11":0,"12":0,"13":0,"14":0,"15":0,"16":0,"17":0,"18":0,"19":0,"20":0,"21":0,"22":0,"23":0,"24":0,"25":0,"26":0,"27":0,"28":0,"29":0,"30":0,"31":0,"32":0,"33":0,"34":0,"35":0,"36":0,"37":0,"38":0,"39":0,"40":0,"41":0,"42":0,"43":0,"44":0,"45":0,"46":0},"f":{"0":0,"1":0,"2":0,"3":0,"4":0,"5":0,"6":0,"7":0,"8":0,"9":0,"10":0,"11":0,"12":0,"13":0,"14":0,"15":0},"b":{"0":[0,0],"1":[0,0],"2":[0,0],"3":[0,0,0],"4":[0,0,0],"5":[0,0],"6":[0,0],"7":[0,0],"8":[0,0],"9":[0,0,0]},"_coverageSchema":"1a1c01bbd47fc00a2c39e90264f33305004495a9","hash":"17b15925fa513ee0a485910651af614451c43577"}
,"/Users/jessicachen/Documents/HackReactor/Week 6-8 - FEC/Atelier/client/src/components/Q-A/QuestionForm.jsx": {"path":"/Users/jessicachen/Documents/HackReactor/Week 6-8 - FEC/Atelier/client/src/components/Q-A/QuestionForm.jsx","statementMap":{"0":{"start":{"line":9,"column":42},"end":{"line":9,"column":54}},"1":{"start":{"line":10,"column":34},"end":{"line":10,"column":46}},"2":{"start":{"line":11,"column":28},"end":{"line":11,"column":40}},"3":{"start":{"line":13,"column":25},"end":{"line":33,"column":3}},"4":{"start":{"line":14,"column":4},"end":{"line":14,"column":23}},"5":{"start":{"line":17,"column":17},"end":{"line":24,"column":5}},"6":{"start":{"line":25,"column":4},"end":{"line":32,"column":9}},"7":{"start":{"line":27,"column":8},"end":{"line":27,"column":42}},"8":{"start":{"line":28,"column":8},"end":{"line":28,"column":26}},"9":{"start":{"line":31,"column":8},"end":{"line":31,"column":56}},"10":{"start":{"line":35,"column":2},"end":{"line":92,"column":16}},"11":{"start":{"line":41,"column":31},"end":{"line":41,"column":48}},"12":{"start":{"line":51,"column":31},"end":{"line":51,"column":62}},"13":{"start":{"line":65,"column":31},"end":{"line":65,"column":58}},"14":{"start":{"line":80,"column":31},"end":{"line":80,"column":55}},"15":{"start":{"line":88,"column":33},"end":{"line":88,"column":50}}},"fnMap":{"0":{"name":"QuestionForm","decl":{"start":{"line":7,"column":24},"end":{"line":7,"column":36}},"loc":{"start":{"line":7,"column":101},"end":{"line":93,"column":1}},"line":7},"1":{"name":"(anonymous_1)","decl":{"start":{"line":13,"column":25},"end":{"line":13,"column":26}},"loc":{"start":{"line":13,"column":37},"end":{"line":33,"column":3}},"line":13},"2":{"name":"(anonymous_2)","decl":{"start":{"line":26,"column":12},"end":{"line":26,"column":13}},"loc":{"start":{"line":26,"column":18},"end":{"line":29,"column":7}},"line":26},"3":{"name":"(anonymous_3)","decl":{"start":{"line":30,"column":13},"end":{"line":30,"column":14}},"loc":{"start":{"line":30,"column":22},"end":{"line":32,"column":7}},"line":30},"4":{"name":"(anonymous_4)","decl":{"start":{"line":41,"column":24},"end":{"line":41,"column":25}},"loc":{"start":{"line":41,"column":31},"end":{"line":41,"column":48}},"line":41},"5":{"name":"(anonymous_5)","decl":{"start":{"line":51,"column":24},"end":{"line":51,"column":25}},"loc":{"start":{"line":51,"column":31},"end":{"line":51,"column":62}},"line":51},"6":{"name":"(anonymous_6)","decl":{"start":{"line":65,"column":24},"end":{"line":65,"column":25}},"loc":{"start":{"line":65,"column":31},"end":{"line":65,"column":58}},"line":65},"7":{"name":"(anonymous_7)","decl":{"start":{"line":80,"column":24},"end":{"line":80,"column":25}},"loc":{"start":{"line":80,"column":31},"end":{"line":80,"column":55}},"line":80},"8":{"name":"(anonymous_8)","decl":{"start":{"line":88,"column":27},"end":{"line":88,"column":28}},"loc":{"start":{"line":88,"column":33},"end":{"line":88,"column":50}},"line":88}},"branchMap":{"0":{"loc":{"start":{"line":35,"column":9},"end":{"line":92,"column":15}},"type":"cond-expr","locations":[{"start":{"line":36,"column":4},"end":{"line":91,"column":10}},{"start":{"line":92,"column":6},"end":{"line":92,"column":15}}],"line":35}},"s":{"0":3,"1":3,"2":3,"3":3,"4":0,"5":0,"6":0,"7":0,"8":0,"9":0,"10":3,"11":0,"12":0,"13":0,"14":0,"15":0},"f":{"0":3,"1":0,"2":0,"3":0,"4":0,"5":0,"6":0,"7":0,"8":0},"b":{"0":[0,3]},"_coverageSchema":"1a1c01bbd47fc00a2c39e90264f33305004495a9","hash":"d9526ee67f2922ff9d2dbd2e49976ee45fb9c2f2"}
,"/Users/jessicachen/Documents/HackReactor/Week 6-8 - FEC/Atelier/client/src/components/Q-A/QuestionList.jsx": {"path":"/Users/jessicachen/Documents/HackReactor/Week 6-8 - FEC/Atelier/client/src/components/Q-A/QuestionList.jsx","statementMap":{"0":{"start":{"line":10,"column":36},"end":{"line":10,"column":48}},"1":{"start":{"line":12,"column":44},"end":{"line":12,"column":55}},"2":{"start":{"line":14,"column":32},"end":{"line":14,"column":46}},"3":{"start":{"line":16,"column":40},"end":{"line":16,"column":55}},"4":{"start":{"line":19,"column":2},"end":{"line":43,"column":34}},"5":{"start":{"line":20,"column":4},"end":{"line":20,"column":45}},"6":{"start":{"line":21,"column":17},"end":{"line":25,"column":7}},"7":{"start":{"line":26,"column":4},"end":{"line":40,"column":9}},"8":{"start":{"line":29,"column":8},"end":{"line":36,"column":9}},"9":{"start":{"line":30,"column":10},"end":{"line":30,"column":27}},"10":{"start":{"line":32,"column":10},"end":{"line":32,"column":61}},"11":{"start":{"line":34,"column":10},"end":{"line":34,"column":28}},"12":{"start":{"line":35,"column":10},"end":{"line":35,"column":32}},"13":{"start":{"line":39,"column":8},"end":{"line":39,"column":36}},"14":{"start":{"line":42,"column":4},"end":{"line":42,"column":31}},"15":{"start":{"line":45,"column":2},"end":{"line":80,"column":4}},"16":{"start":{"line":51,"column":14},"end":{"line":61,"column":16}},"17":{"start":{"line":67,"column":31},"end":{"line":67,"column":66}},"18":{"start":{"line":69,"column":29},"end":{"line":69,"column":49}}},"fnMap":{"0":{"name":"QuestionList","decl":{"start":{"line":8,"column":24},"end":{"line":8,"column":36}},"loc":{"start":{"line":8,"column":115},"end":{"line":81,"column":1}},"line":8},"1":{"name":"(anonymous_1)","decl":{"start":{"line":19,"column":12},"end":{"line":19,"column":13}},"loc":{"start":{"line":19,"column":18},"end":{"line":43,"column":3}},"line":19},"2":{"name":"(anonymous_2)","decl":{"start":{"line":27,"column":12},"end":{"line":27,"column":13}},"loc":{"start":{"line":27,"column":20},"end":{"line":37,"column":7}},"line":27},"3":{"name":"(anonymous_3)","decl":{"start":{"line":38,"column":13},"end":{"line":38,"column":14}},"loc":{"start":{"line":38,"column":22},"end":{"line":40,"column":7}},"line":38},"4":{"name":"(anonymous_4)","decl":{"start":{"line":42,"column":15},"end":{"line":42,"column":16}},"loc":{"start":{"line":42,"column":21},"end":{"line":42,"column":23}},"line":42},"5":{"name":"(anonymous_5)","decl":{"start":{"line":50,"column":27},"end":{"line":50,"column":28}},"loc":{"start":{"line":51,"column":14},"end":{"line":61,"column":16}},"line":51},"6":{"name":"(anonymous_6)","decl":{"start":{"line":67,"column":25},"end":{"line":67,"column":26}},"loc":{"start":{"line":67,"column":31},"end":{"line":67,"column":66}},"line":67},"7":{"name":"(anonymous_7)","decl":{"start":{"line":69,"column":23},"end":{"line":69,"column":24}},"loc":{"start":{"line":69,"column":29},"end":{"line":69,"column":49}},"line":69}},"branchMap":{"0":{"loc":{"start":{"line":29,"column":8},"end":{"line":36,"column":9}},"type":"if","locations":[{"start":{"line":29,"column":8},"end":{"line":36,"column":9}},{"start":{"line":33,"column":15},"end":{"line":36,"column":9}}],"line":29},"1":{"loc":{"start":{"line":48,"column":9},"end":{"line":62,"column":16}},"type":"binary-expr","locations":[{"start":{"line":48,"column":9},"end":{"line":48,"column":29}},{"start":{"line":49,"column":10},"end":{"line":62,"column":16}}],"line":48},"2":{"loc":{"start":{"line":66,"column":7},"end":{"line":67,"column":100}},"type":"binary-expr","locations":[{"start":{"line":66,"column":7},"end":{"line":66,"column":14}},{"start":{"line":67,"column":8},"end":{"line":67,"column":100}}],"line":66}},"s":{"0":3,"1":3,"2":3,"3":3,"4":3,"5":3,"6":3,"7":3,"8":0,"9":0,"10":0,"11":0,"12":0,"13":0,"14":3,"15":3,"16":0,"17":0,"18":0},"f":{"0":3,"1":3,"2":0,"3":0,"4":0,"5":0,"6":0,"7":0},"b":{"0":[0,0],"1":[3,0],"2":[3,3]},"_coverageSchema":"1a1c01bbd47fc00a2c39e90264f33305004495a9","hash":"1df7d8681f1b36f29d9e264fe4e84307a78be10e"}
,"/Users/jessicachen/Documents/HackReactor/Week 6-8 - FEC/Atelier/client/src/components/Q-A/Search.jsx": {"path":"/Users/jessicachen/Documents/HackReactor/Week 6-8 - FEC/Atelier/client/src/components/Q-A/Search.jsx","statementMap":{"0":{"start":{"line":5,"column":26},"end":{"line":5,"column":38}},"1":{"start":{"line":6,"column":38},"end":{"line":6,"column":50}},"2":{"start":{"line":9,"column":2},"end":{"line":11,"column":19}},"3":{"start":{"line":10,"column":4},"end":{"line":10,"column":29}},"4":{"start":{"line":13,"column":23},"end":{"line":23,"column":3}},"5":{"start":{"line":14,"column":4},"end":{"line":14,"column":28}},"6":{"start":{"line":16,"column":4},"end":{"line":22,"column":5}},"7":{"start":{"line":17,"column":6},"end":{"line":17,"column":36}},"8":{"start":{"line":19,"column":6},"end":{"line":21,"column":7}},"9":{"start":{"line":20,"column":8},"end":{"line":20,"column":26}},"10":{"start":{"line":25,"column":2},"end":{"line":35,"column":4}},"11":{"start":{"line":31,"column":29},"end":{"line":31,"column":45}}},"fnMap":{"0":{"name":"Search","decl":{"start":{"line":3,"column":24},"end":{"line":3,"column":30}},"loc":{"start":{"line":3,"column":47},"end":{"line":36,"column":1}},"line":3},"1":{"name":"(anonymous_1)","decl":{"start":{"line":9,"column":12},"end":{"line":9,"column":13}},"loc":{"start":{"line":9,"column":18},"end":{"line":11,"column":3}},"line":9},"2":{"name":"(anonymous_2)","decl":{"start":{"line":13,"column":23},"end":{"line":13,"column":24}},"loc":{"start":{"line":13,"column":30},"end":{"line":23,"column":3}},"line":13},"3":{"name":"(anonymous_3)","decl":{"start":{"line":31,"column":20},"end":{"line":31,"column":21}},"loc":{"start":{"line":31,"column":27},"end":{"line":31,"column":47}},"line":31}},"branchMap":{"0":{"loc":{"start":{"line":16,"column":4},"end":{"line":22,"column":5}},"type":"if","locations":[{"start":{"line":16,"column":4},"end":{"line":22,"column":5}},{"start":{"line":18,"column":11},"end":{"line":22,"column":5}}],"line":16},"1":{"loc":{"start":{"line":19,"column":6},"end":{"line":21,"column":7}},"type":"if","locations":[{"start":{"line":19,"column":6},"end":{"line":21,"column":7}},{"start":{},"end":{}}],"line":19}},"s":{"0":2,"1":2,"2":2,"3":2,"4":2,"5":0,"6":0,"7":0,"8":0,"9":0,"10":2,"11":0},"f":{"0":2,"1":2,"2":0,"3":0},"b":{"0":[0,0],"1":[0,0]},"_coverageSchema":"1a1c01bbd47fc00a2c39e90264f33305004495a9","hash":"9d1c605b9bbf87f2e983fdb67ac75fd14b438dbc"}
,"/Users/jessicachen/Documents/HackReactor/Week 6-8 - FEC/Atelier/client/src/components/styles/Button.styled.js": {"path":"/Users/jessicachen/Documents/HackReactor/Week 6-8 - FEC/Atelier/client/src/components/styles/Button.styled.js","statementMap":{"0":{"start":{"line":3,"column":22},"end":{"line":21,"column":1}}},"fnMap":{},"branchMap":{},"s":{"0":1},"f":{},"b":{},"_coverageSchema":"1a1c01bbd47fc00a2c39e90264f33305004495a9","hash":"064abeaedcbe2ca3ceefd482dfda5cfd0785215d"}
,"/Users/jessicachen/Documents/HackReactor/Week 6-8 - FEC/Atelier/client/src/components/styles/Q-A/FormBackground.styled.js": {"path":"/Users/jessicachen/Documents/HackReactor/Week 6-8 - FEC/Atelier/client/src/components/styles/Q-A/FormBackground.styled.js","statementMap":{"0":{"start":{"line":2,"column":30},"end":{"line":12,"column":1}}},"fnMap":{},"branchMap":{},"s":{"0":1},"f":{},"b":{},"_coverageSchema":"1a1c01bbd47fc00a2c39e90264f33305004495a9","hash":"de80293be0c229956dc21e9e6a069105e6bc7eb3"}
,"/Users/jessicachen/Documents/HackReactor/Week 6-8 - FEC/Atelier/client/src/components/styles/Q-A/FormView.styled.js": {"path":"/Users/jessicachen/Documents/HackReactor/Week 6-8 - FEC/Atelier/client/src/components/styles/Q-A/FormView.styled.js","statementMap":{"0":{"start":{"line":2,"column":24},"end":{"line":15,"column":1}}},"fnMap":{},"branchMap":{},"s":{"0":1},"f":{},"b":{},"_coverageSchema":"1a1c01bbd47fc00a2c39e90264f33305004495a9","hash":"873b48e13d883eba1be90ee325064bcebde3ed14"}
,"/Users/jessicachen/Documents/HackReactor/Week 6-8 - FEC/Atelier/client/src/components/styles/Q-A/ScrollList.styled.js": {"path":"/Users/jessicachen/Documents/HackReactor/Week 6-8 - FEC/Atelier/client/src/components/styles/Q-A/ScrollList.styled.js","statementMap":{"0":{"start":{"line":2,"column":26},"end":{"line":5,"column":1}}},"fnMap":{},"branchMap":{},"s":{"0":1},"f":{},"b":{},"_coverageSchema":"1a1c01bbd47fc00a2c39e90264f33305004495a9","hash":"1613b61aa53696254449ef501a66a354bbefc86c"}
}
